Watching for file changes with StatReloader
[11/Nov/2025 21:32:16] "GET /api/posts/ HTTP/1.1" 200 655
[11/Nov/2025 21:32:31] "GET /api/posts/?feed=all HTTP/1.1" 200 655
[11/Nov/2025 21:32:31] "GET /api/posts/?feed=all HTTP/1.1" 200 655
/Users/ameeshamasand/Documents/mgt656_final_project/core/models.py changed, reloading.
Performing system checks...

System check identified no issues (0 silenced).
November 11, 2025 - 21:32:06
Django version 5.2.8, using settings 'agora_backend.settings'
Starting development server at http://127.0.0.1:8000/
Quit the server with CONTROL-C.

WARNING: This is a development server. Do not use it in a production setting. Use a production WSGI or ASGI server instead.
For more information on production servers see: https://docs.djangoproject.com/en/5.2/howto/deployment/
Watching for file changes with StatReloader
/Users/ameeshamasand/Documents/mgt656_final_project/core/serializers.py changed, reloading.
Performing system checks...

System check identified no issues (0 silenced).
November 11, 2025 - 21:34:23
Django version 5.2.8, using settings 'agora_backend.settings'
Starting development server at http://127.0.0.1:8000/
Quit the server with CONTROL-C.

WARNING: This is a development server. Do not use it in a production setting. Use a production WSGI or ASGI server instead.
For more information on production servers see: https://docs.djangoproject.com/en/5.2/howto/deployment/
Watching for file changes with StatReloader
/Users/ameeshamasand/Documents/mgt656_final_project/core/views.py changed, reloading.
Performing system checks...

System check identified no issues (0 silenced).
November 11, 2025 - 21:35:07
Django version 5.2.8, using settings 'agora_backend.settings'
Starting development server at http://127.0.0.1:8000/
Quit the server with CONTROL-C.

WARNING: This is a development server. Do not use it in a production setting. Use a production WSGI or ASGI server instead.
For more information on production servers see: https://docs.djangoproject.com/en/5.2/howto/deployment/
Watching for file changes with StatReloader
Exception in thread django-main-thread:
Traceback (most recent call last):
  File "/Users/ameeshamasand/anaconda3/lib/python3.12/threading.py", line 1075, in _bootstrap_inner
    self.run()
  File "/Users/ameeshamasand/anaconda3/lib/python3.12/threading.py", line 1012, in run
    self._target(*self._args, **self._kwargs)
  File "/Users/ameeshamasand/Documents/mgt656_final_project/.venv/lib/python3.12/site-packages/django/utils/autoreload.py", line 64, in wrapper
    fn(*args, **kwargs)
  File "/Users/ameeshamasand/Documents/mgt656_final_project/.venv/lib/python3.12/site-packages/django/core/management/commands/runserver.py", line 134, in inner_run
    self.check(**check_kwargs)
  File "/Users/ameeshamasand/Documents/mgt656_final_project/.venv/lib/python3.12/site-packages/django/core/management/base.py", line 492, in check
    all_issues = checks.run_checks(
                 ^^^^^^^^^^^^^^^^^^
  File "/Users/ameeshamasand/Documents/mgt656_final_project/.venv/lib/python3.12/site-packages/django/core/checks/registry.py", line 89, in run_checks
    new_errors = check(app_configs=app_configs, databases=databases)
                 ^^^^^^^^^^^^^^^^^^^^^^^^^^^^^^^^^^^^^^^^^^^^^^^^^^^
  File "/Users/ameeshamasand/Documents/mgt656_final_project/.venv/lib/python3.12/site-packages/django/core/checks/urls.py", line 136, in check_custom_error_handlers
    handler = resolver.resolve_error_handler(status_code)
              ^^^^^^^^^^^^^^^^^^^^^^^^^^^^^^^^^^^^^^^^^^^
  File "/Users/ameeshamasand/Documents/mgt656_final_project/.venv/lib/python3.12/site-packages/django/urls/resolvers.py", line 732, in resolve_error_handler
    callback = getattr(self.urlconf_module, "handler%s" % view_type, None)
                       ^^^^^^^^^^^^^^^^^^^
  File "/Users/ameeshamasand/Documents/mgt656_final_project/.venv/lib/python3.12/site-packages/django/utils/functional.py", line 47, in __get__
    res = instance.__dict__[self.name] = self.func(instance)
                                         ^^^^^^^^^^^^^^^^^^^
  File "/Users/ameeshamasand/Documents/mgt656_final_project/.venv/lib/python3.12/site-packages/django/urls/resolvers.py", line 711, in urlconf_module
    return import_module(self.urlconf_name)
           ^^^^^^^^^^^^^^^^^^^^^^^^^^^^^^^^
  File "/Users/ameeshamasand/anaconda3/lib/python3.12/importlib/__init__.py", line 90, in import_module
    return _bootstrap._gcd_import(name[level:], package, level)
           ^^^^^^^^^^^^^^^^^^^^^^^^^^^^^^^^^^^^^^^^^^^^^^^^^^^^
  File "<frozen importlib._bootstrap>", line 1387, in _gcd_import
  File "<frozen importlib._bootstrap>", line 1360, in _find_and_load
  File "<frozen importlib._bootstrap>", line 1331, in _find_and_load_unlocked
  File "<frozen importlib._bootstrap>", line 935, in _load_unlocked
  File "<frozen importlib._bootstrap_external>", line 995, in exec_module
  File "<frozen importlib._bootstrap>", line 488, in _call_with_frames_removed
  File "/Users/ameeshamasand/Documents/mgt656_final_project/backend/agora_backend/urls.py", line 20, in <module>
    from core.views import PostViewSet
  File "/Users/ameeshamasand/Documents/mgt656_final_project/core/views.py", line 11
    queryset = Post.objects.all().order_by('-created_at').annotate(likes_count=Count('likes'))
IndentationError: unexpected indent
/Users/ameeshamasand/Documents/mgt656_final_project/core/views.py changed, reloading.
Performing system checks...

Watching for file changes with StatReloader
Exception in thread django-main-thread:
Traceback (most recent call last):
  File "/Users/ameeshamasand/anaconda3/lib/python3.12/threading.py", line 1075, in _bootstrap_inner
    self.run()
  File "/Users/ameeshamasand/anaconda3/lib/python3.12/threading.py", line 1012, in run
    self._target(*self._args, **self._kwargs)
  File "/Users/ameeshamasand/Documents/mgt656_final_project/.venv/lib/python3.12/site-packages/django/utils/autoreload.py", line 64, in wrapper
    fn(*args, **kwargs)
  File "/Users/ameeshamasand/Documents/mgt656_final_project/.venv/lib/python3.12/site-packages/django/core/management/commands/runserver.py", line 134, in inner_run
    self.check(**check_kwargs)
  File "/Users/ameeshamasand/Documents/mgt656_final_project/.venv/lib/python3.12/site-packages/django/core/management/base.py", line 492, in check
    all_issues = checks.run_checks(
                 ^^^^^^^^^^^^^^^^^^
  File "/Users/ameeshamasand/Documents/mgt656_final_project/.venv/lib/python3.12/site-packages/django/core/checks/registry.py", line 89, in run_checks
    new_errors = check(app_configs=app_configs, databases=databases)
                 ^^^^^^^^^^^^^^^^^^^^^^^^^^^^^^^^^^^^^^^^^^^^^^^^^^^
  File "/Users/ameeshamasand/Documents/mgt656_final_project/.venv/lib/python3.12/site-packages/django/core/checks/urls.py", line 136, in check_custom_error_handlers
    handler = resolver.resolve_error_handler(status_code)
              ^^^^^^^^^^^^^^^^^^^^^^^^^^^^^^^^^^^^^^^^^^^
  File "/Users/ameeshamasand/Documents/mgt656_final_project/.venv/lib/python3.12/site-packages/django/urls/resolvers.py", line 732, in resolve_error_handler
    callback = getattr(self.urlconf_module, "handler%s" % view_type, None)
                       ^^^^^^^^^^^^^^^^^^^
  File "/Users/ameeshamasand/Documents/mgt656_final_project/.venv/lib/python3.12/site-packages/django/utils/functional.py", line 47, in __get__
    res = instance.__dict__[self.name] = self.func(instance)
                                         ^^^^^^^^^^^^^^^^^^^
  File "/Users/ameeshamasand/Documents/mgt656_final_project/.venv/lib/python3.12/site-packages/django/urls/resolvers.py", line 711, in urlconf_module
    return import_module(self.urlconf_name)
           ^^^^^^^^^^^^^^^^^^^^^^^^^^^^^^^^
  File "/Users/ameeshamasand/anaconda3/lib/python3.12/importlib/__init__.py", line 90, in import_module
    return _bootstrap._gcd_import(name[level:], package, level)
           ^^^^^^^^^^^^^^^^^^^^^^^^^^^^^^^^^^^^^^^^^^^^^^^^^^^^
  File "<frozen importlib._bootstrap>", line 1387, in _gcd_import
  File "<frozen importlib._bootstrap>", line 1360, in _find_and_load
  File "<frozen importlib._bootstrap>", line 1331, in _find_and_load_unlocked
  File "<frozen importlib._bootstrap>", line 935, in _load_unlocked
  File "<frozen importlib._bootstrap_external>", line 995, in exec_module
  File "<frozen importlib._bootstrap>", line 488, in _call_with_frames_removed
  File "/Users/ameeshamasand/Documents/mgt656_final_project/backend/agora_backend/urls.py", line 20, in <module>
    from core.views import PostViewSet
  File "/Users/ameeshamasand/Documents/mgt656_final_project/core/views.py", line 11
    queryset = Post.objects.all().order_by('-created_at').annotate(likes_count=Count('likes'))
IndentationError: unexpected indent
/Users/ameeshamasand/Documents/mgt656_final_project/core/views.py changed, reloading.
Performing system checks...

Watching for file changes with StatReloader
Exception in thread django-main-thread:
Traceback (most recent call last):
  File "/Users/ameeshamasand/anaconda3/lib/python3.12/threading.py", line 1075, in _bootstrap_inner
    self.run()
  File "/Users/ameeshamasand/anaconda3/lib/python3.12/threading.py", line 1012, in run
    self._target(*self._args, **self._kwargs)
  File "/Users/ameeshamasand/Documents/mgt656_final_project/.venv/lib/python3.12/site-packages/django/utils/autoreload.py", line 64, in wrapper
    fn(*args, **kwargs)
  File "/Users/ameeshamasand/Documents/mgt656_final_project/.venv/lib/python3.12/site-packages/django/core/management/commands/runserver.py", line 134, in inner_run
    self.check(**check_kwargs)
  File "/Users/ameeshamasand/Documents/mgt656_final_project/.venv/lib/python3.12/site-packages/django/core/management/base.py", line 492, in check
    all_issues = checks.run_checks(
                 ^^^^^^^^^^^^^^^^^^
  File "/Users/ameeshamasand/Documents/mgt656_final_project/.venv/lib/python3.12/site-packages/django/core/checks/registry.py", line 89, in run_checks
    new_errors = check(app_configs=app_configs, databases=databases)
                 ^^^^^^^^^^^^^^^^^^^^^^^^^^^^^^^^^^^^^^^^^^^^^^^^^^^
  File "/Users/ameeshamasand/Documents/mgt656_final_project/.venv/lib/python3.12/site-packages/django/core/checks/urls.py", line 136, in check_custom_error_handlers
    handler = resolver.resolve_error_handler(status_code)
              ^^^^^^^^^^^^^^^^^^^^^^^^^^^^^^^^^^^^^^^^^^^
  File "/Users/ameeshamasand/Documents/mgt656_final_project/.venv/lib/python3.12/site-packages/django/urls/resolvers.py", line 732, in resolve_error_handler
    callback = getattr(self.urlconf_module, "handler%s" % view_type, None)
                       ^^^^^^^^^^^^^^^^^^^
  File "/Users/ameeshamasand/Documents/mgt656_final_project/.venv/lib/python3.12/site-packages/django/utils/functional.py", line 47, in __get__
    res = instance.__dict__[self.name] = self.func(instance)
                                         ^^^^^^^^^^^^^^^^^^^
  File "/Users/ameeshamasand/Documents/mgt656_final_project/.venv/lib/python3.12/site-packages/django/urls/resolvers.py", line 711, in urlconf_module
    return import_module(self.urlconf_name)
           ^^^^^^^^^^^^^^^^^^^^^^^^^^^^^^^^
  File "/Users/ameeshamasand/anaconda3/lib/python3.12/importlib/__init__.py", line 90, in import_module
    return _bootstrap._gcd_import(name[level:], package, level)
           ^^^^^^^^^^^^^^^^^^^^^^^^^^^^^^^^^^^^^^^^^^^^^^^^^^^^
  File "<frozen importlib._bootstrap>", line 1387, in _gcd_import
  File "<frozen importlib._bootstrap>", line 1360, in _find_and_load
  File "<frozen importlib._bootstrap>", line 1331, in _find_and_load_unlocked
  File "<frozen importlib._bootstrap>", line 935, in _load_unlocked
  File "<frozen importlib._bootstrap_external>", line 995, in exec_module
  File "<frozen importlib._bootstrap>", line 488, in _call_with_frames_removed
  File "/Users/ameeshamasand/Documents/mgt656_final_project/backend/agora_backend/urls.py", line 20, in <module>
    from core.views import PostViewSet
  File "/Users/ameeshamasand/Documents/mgt656_final_project/core/views.py", line 13
    queryset = Post.objects.all().order_by('-created_at').annotate(likes_count=Count('likes'))
IndentationError: unexpected indent
/Users/ameeshamasand/Documents/mgt656_final_project/core/views.py changed, reloading.
Performing system checks...

Watching for file changes with StatReloader
[11/Nov/2025 21:42:14] "GET /api/posts/?feed=all HTTP/1.1" 200 655
[11/Nov/2025 21:42:14] "GET /api/posts/?feed=all HTTP/1.1" 200 655
Forbidden: /api/posts/1/like/
[11/Nov/2025 21:42:16] "POST /api/posts/1/like/ HTTP/1.1" 403 58
[11/Nov/2025 21:43:30] "GET /api/posts/?feed=all HTTP/1.1" 200 655
[11/Nov/2025 21:43:30] "GET /api/posts/?feed=all HTTP/1.1" 200 655
[11/Nov/2025 21:46:56] "GET /api/posts/?feed=all HTTP/1.1" 200 655
[11/Nov/2025 21:46:56] "GET /api/posts/?feed=all HTTP/1.1" 200 655
[11/Nov/2025 21:46:57] "GET /api/posts/?feed=all HTTP/1.1" 200 655
[11/Nov/2025 21:46:57] "GET /api/posts/?feed=all HTTP/1.1" 200 655
[11/Nov/2025 21:55:52] "GET /api/posts/?feed=all HTTP/1.1" 200 655
[11/Nov/2025 21:55:52] "GET /api/posts/?feed=all HTTP/1.1" 200 655
Not Found: /
[11/Nov/2025 21:57:43] "GET / HTTP/1.1" 404 2311
[11/Nov/2025 21:58:00] "GET /api/posts/?feed=all HTTP/1.1" 200 655
[11/Nov/2025 21:58:00] "GET /api/posts/?feed=all HTTP/1.1" 200 655
[11/Nov/2025 21:58:49] "GET /api/posts/?feed=all HTTP/1.1" 200 655
[11/Nov/2025 21:58:49] "GET /api/posts/?feed=all HTTP/1.1" 200 655
[11/Nov/2025 21:58:49] "GET /api/posts/?feed=all HTTP/1.1" 200 655
[11/Nov/2025 21:58:50] "GET /api/posts/?feed=all HTTP/1.1" 200 655
[11/Nov/2025 21:59:08] "GET /api/posts/?feed=all HTTP/1.1" 200 655
[11/Nov/2025 21:59:08] "GET /api/posts/?feed=all HTTP/1.1" 200 655
[11/Nov/2025 21:59:54] "GET /api/posts/?feed=all HTTP/1.1" 200 655
[11/Nov/2025 21:59:54] "GET /api/posts/?feed=all HTTP/1.1" 200 655
[11/Nov/2025 22:01:44] "GET /api/posts/?feed=all HTTP/1.1" 200 655
[11/Nov/2025 22:01:44] "GET /api/posts/?feed=all HTTP/1.1" 200 655
[11/Nov/2025 22:02:07] "GET /api/posts/?feed=all HTTP/1.1" 200 655
[11/Nov/2025 22:02:07] "GET /api/posts/?feed=all HTTP/1.1" 200 655
[11/Nov/2025 22:03:25] "GET /api/posts/?feed=all HTTP/1.1" 200 655
[11/Nov/2025 22:04:47] "GET /api/posts/?feed=all HTTP/1.1" 200 655
[11/Nov/2025 22:04:47] "GET /api/posts/?feed=all HTTP/1.1" 200 655
[11/Nov/2025 22:05:24] "GET /api/posts/?feed=all HTTP/1.1" 200 655
[11/Nov/2025 22:05:24] "GET /api/posts/?feed=all HTTP/1.1" 200 655
[11/Nov/2025 22:05:29] "GET /api/posts/?feed=all HTTP/1.1" 200 655
[11/Nov/2025 22:05:29] "GET /api/posts/?feed=all HTTP/1.1" 200 655
[11/Nov/2025 22:06:04] "GET /api/posts/?feed=all HTTP/1.1" 200 655
[11/Nov/2025 22:06:04] "GET /api/posts/?feed=all HTTP/1.1" 200 655
[11/Nov/2025 22:06:50] "GET /api/posts/?feed=all HTTP/1.1" 200 655
[11/Nov/2025 22:06:50] "GET /api/posts/?feed=all HTTP/1.1" 200 655
[11/Nov/2025 22:08:40] "GET /api/posts/?feed=all HTTP/1.1" 200 655
[11/Nov/2025 22:08:40] "GET /api/posts/?feed=all HTTP/1.1" 200 655
[12/Nov/2025 03:08:57] "OPTIONS /api/posts/1/comment/ HTTP/1.1" 200 0
Forbidden: /api/posts/1/comment/
[12/Nov/2025 03:08:57] "POST /api/posts/1/comment/ HTTP/1.1" 403 58
Forbidden: /api/posts/1/comment/
[12/Nov/2025 03:08:58] "POST /api/posts/1/comment/ HTTP/1.1" 403 58
Forbidden: /api/posts/1/like/
[12/Nov/2025 03:09:36] "POST /api/posts/1/like/ HTTP/1.1" 403 58
Forbidden: /api/posts/1/like/
[12/Nov/2025 03:09:36] "POST /api/posts/1/like/ HTTP/1.1" 403 58
Forbidden: /api/posts/1/like/
[12/Nov/2025 03:09:36] "POST /api/posts/1/like/ HTTP/1.1" 403 58
[12/Nov/2025 05:21:43] "GET /api/posts/?feed=all HTTP/1.1" 200 655
[12/Nov/2025 05:21:43] "GET /api/posts/?feed=all HTTP/1.1" 200 655
[12/Nov/2025 05:26:22] "GET /api/posts/?feed=all HTTP/1.1" 200 655
[12/Nov/2025 05:26:22] "GET /api/posts/?feed=all HTTP/1.1" 200 655
[12/Nov/2025 05:29:02] "GET /api/posts/?feed=all HTTP/1.1" 200 655
[12/Nov/2025 05:29:02] "GET /api/posts/?feed=all HTTP/1.1" 200 655
[12/Nov/2025 05:29:38] "GET /api/posts/?feed=all HTTP/1.1" 200 655
[12/Nov/2025 05:29:38] "GET /api/posts/?feed=all HTTP/1.1" 200 655
[12/Nov/2025 05:29:57] "GET /api/posts/?feed=all HTTP/1.1" 200 655
[12/Nov/2025 05:29:57] "GET /api/posts/?feed=all HTTP/1.1" 200 655
[12/Nov/2025 05:31:19] "GET /api/posts/?feed=all HTTP/1.1" 200 655
[12/Nov/2025 05:31:19] "GET /api/posts/?feed=all HTTP/1.1" 200 655
[12/Nov/2025 05:31:29] "GET /api/posts/?feed=all HTTP/1.1" 200 655
[12/Nov/2025 05:31:31] "GET /api/posts/?feed=all HTTP/1.1" 200 655
[12/Nov/2025 05:31:31] "GET /api/posts/?feed=all HTTP/1.1" 200 655
[12/Nov/2025 05:32:16] "GET /api/posts/?feed=all HTTP/1.1" 200 655
[12/Nov/2025 05:32:16] "GET /api/posts/?feed=all HTTP/1.1" 200 655
/Users/ameeshamasand/Documents/mgt656_final_project/backend/agora_backend/urls.py changed, reloading.
Performing system checks...

System check identified no issues (0 silenced).
November 11, 2025 - 21:40:55
Django version 5.2.8, using settings 'agora_backend.settings'
Starting development server at http://127.0.0.1:8000/
Quit the server with CONTROL-C.

WARNING: This is a development server. Do not use it in a production setting. Use a production WSGI or ASGI server instead.
For more information on production servers see: https://docs.djangoproject.com/en/5.2/howto/deployment/
Watching for file changes with StatReloader
[12/Nov/2025 05:34:53] "GET /api/posts/?feed=all HTTP/1.1" 200 655
/Users/ameeshamasand/Documents/mgt656_final_project/backend/agora_backend/urls.py changed, reloading.
Performing system checks...

System check identified no issues (0 silenced).
November 12, 2025 - 05:34:47
Django version 5.2.8, using settings 'agora_backend.settings'
Starting development server at http://127.0.0.1:8000/
Quit the server with CONTROL-C.

WARNING: This is a development server. Do not use it in a production setting. Use a production WSGI or ASGI server instead.
For more information on production servers see: https://docs.djangoproject.com/en/5.2/howto/deployment/
Watching for file changes with StatReloader
[12/Nov/2025 05:35:31] "GET /api/posts/?feed=all HTTP/1.1" 200 655
[12/Nov/2025 05:35:31] "GET /api/posts/?feed=all HTTP/1.1" 200 655
[12/Nov/2025 05:35:37] "OPTIONS /api/posts/1/ HTTP/1.1" 200 0
Forbidden: /api/posts/1/
[12/Nov/2025 05:35:37] "DELETE /api/posts/1/ HTTP/1.1" 403 58
Forbidden: /api/posts/1/like/
[12/Nov/2025 05:35:40] "POST /api/posts/1/like/ HTTP/1.1" 403 58
Forbidden: /api/posts/1/comment/
[12/Nov/2025 05:35:45] "POST /api/posts/1/comment/ HTTP/1.1" 403 58
Forbidden: /api/posts/1/comment/
[12/Nov/2025 05:35:46] "POST /api/posts/1/comment/ HTTP/1.1" 403 58
Forbidden: /api/posts/1/like/
[12/Nov/2025 05:35:47] "POST /api/posts/1/like/ HTTP/1.1" 403 58
[12/Nov/2025 05:35:51] "GET /api/posts/?feed=all HTTP/1.1" 200 655
[12/Nov/2025 05:35:51] "GET /api/posts/?feed=all HTTP/1.1" 200 655
[12/Nov/2025 05:36:02] "OPTIONS /api/auth/login/ HTTP/1.1" 200 0
[12/Nov/2025 05:36:02] "POST /api/auth/login/ HTTP/1.1" 200 63
[12/Nov/2025 05:36:02] "GET /api/posts/?feed=all HTTP/1.1" 200 655
[12/Nov/2025 05:36:02] "GET /api/posts/?feed=all HTTP/1.1" 200 655
Forbidden: /api/posts/1/like/
[12/Nov/2025 05:36:07] "POST /api/posts/1/like/ HTTP/1.1" 403 108
Forbidden: /api/posts/1/like/
[12/Nov/2025 05:36:08] "POST /api/posts/1/like/ HTTP/1.1" 403 108
[12/Nov/2025 05:37:41] "GET /api/posts/?feed=all HTTP/1.1" 200 655
[12/Nov/2025 05:37:41] "GET /api/posts/?feed=all HTTP/1.1" 200 655
Forbidden: /api/auth/login/
[12/Nov/2025 05:37:49] "POST /api/auth/login/ HTTP/1.1" 403 108
Forbidden: /api/posts/1/like/
[12/Nov/2025 05:37:54] "POST /api/posts/1/like/ HTTP/1.1" 403 108
/Users/ameeshamasand/Documents/mgt656_final_project/backend/agora_backend/settings.py changed, reloading.
Performing system checks...

System check identified no issues (0 silenced).
November 12, 2025 - 05:35:04
Django version 5.2.8, using settings 'agora_backend.settings'
Starting development server at http://127.0.0.1:8000/
Quit the server with CONTROL-C.

WARNING: This is a development server. Do not use it in a production setting. Use a production WSGI or ASGI server instead.
For more information on production servers see: https://docs.djangoproject.com/en/5.2/howto/deployment/
Watching for file changes with StatReloader
/Users/ameeshamasand/Documents/mgt656_final_project/backend/agora_backend/auth_views.py changed, reloading.
Performing system checks...

System check identified no issues (0 silenced).
November 12, 2025 - 05:38:13
Django version 5.2.8, using settings 'agora_backend.settings'
Starting development server at http://127.0.0.1:8000/
Quit the server with CONTROL-C.

WARNING: This is a development server. Do not use it in a production setting. Use a production WSGI or ASGI server instead.
For more information on production servers see: https://docs.djangoproject.com/en/5.2/howto/deployment/
Watching for file changes with StatReloader
/Users/ameeshamasand/Documents/mgt656_final_project/backend/agora_backend/urls.py changed, reloading.
Performing system checks...

System check identified no issues (0 silenced).
November 12, 2025 - 05:38:40
Django version 5.2.8, using settings 'agora_backend.settings'
Starting development server at http://127.0.0.1:8000/
Quit the server with CONTROL-C.

WARNING: This is a development server. Do not use it in a production setting. Use a production WSGI or ASGI server instead.
For more information on production servers see: https://docs.djangoproject.com/en/5.2/howto/deployment/
Watching for file changes with StatReloader
[12/Nov/2025 05:38:53] "GET /api/auth/csrf/ HTTP/1.1" 200 80
[12/Nov/2025 05:38:53] "GET /api/posts/?feed=all HTTP/1.1" 200 655
/Users/ameeshamasand/Documents/mgt656_final_project/backend/agora_backend/auth_views.py changed, reloading.
Performing system checks...

System check identified no issues (0 silenced).
November 12, 2025 - 05:38:44
Django version 5.2.8, using settings 'agora_backend.settings'
Starting development server at http://127.0.0.1:8000/
Quit the server with CONTROL-C.

WARNING: This is a development server. Do not use it in a production setting. Use a production WSGI or ASGI server instead.
For more information on production servers see: https://docs.djangoproject.com/en/5.2/howto/deployment/
Watching for file changes with StatReloader
[12/Nov/2025 05:39:06] "GET /api/auth/csrf/ HTTP/1.1" 200 80
[12/Nov/2025 05:39:06] "GET /api/posts/?feed=all HTTP/1.1" 200 655
[12/Nov/2025 05:39:06] "GET /api/auth/csrf/ HTTP/1.1" 200 80
[12/Nov/2025 05:39:06] "GET /api/posts/?feed=all HTTP/1.1" 200 655
[12/Nov/2025 05:39:13] "POST /api/auth/login/ HTTP/1.1" 200 142
[12/Nov/2025 05:39:13] "GET /api/auth/csrf/ HTTP/1.1" 200 80
[12/Nov/2025 05:39:13] "GET /api/posts/?feed=all HTTP/1.1" 200 655
[12/Nov/2025 05:39:13] "GET /api/auth/csrf/ HTTP/1.1" 200 80
[12/Nov/2025 05:39:13] "GET /api/posts/?feed=all HTTP/1.1" 200 655
[12/Nov/2025 05:39:15] "OPTIONS /api/posts/1/like/ HTTP/1.1" 200 0
[12/Nov/2025 05:39:15] "POST /api/posts/1/like/ HTTP/1.1" 200 30
Internal Server Error: /api/posts/1/comment/
Traceback (most recent call last):
  File "/Users/ameeshamasand/Documents/mgt656_final_project/.venv/lib/python3.12/site-packages/django/db/backends/utils.py", line 105, in _execute
    return self.cursor.execute(sql, params)
           ^^^^^^^^^^^^^^^^^^^^^^^^^^^^^^^^
psycopg2.errors.NotNullViolation: null value in column "user_id" of relation "core_comment" violates not-null constraint
DETAIL:  Failing row contains (1, hello, t, 2025-11-12 05:39:21.707617+00, null, null, null).


The above exception was the direct cause of the following exception:

Traceback (most recent call last):
  File "/Users/ameeshamasand/Documents/mgt656_final_project/.venv/lib/python3.12/site-packages/django/core/handlers/exception.py", line 55, in inner
    response = get_response(request)
               ^^^^^^^^^^^^^^^^^^^^^
  File "/Users/ameeshamasand/Documents/mgt656_final_project/.venv/lib/python3.12/site-packages/django/core/handlers/base.py", line 197, in _get_response
    response = wrapped_callback(request, *callback_args, **callback_kwargs)
               ^^^^^^^^^^^^^^^^^^^^^^^^^^^^^^^^^^^^^^^^^^^^^^^^^^^^^^^^^^^^
  File "/Users/ameeshamasand/Documents/mgt656_final_project/.venv/lib/python3.12/site-packages/django/views/decorators/csrf.py", line 65, in _view_wrapper
    return view_func(request, *args, **kwargs)
           ^^^^^^^^^^^^^^^^^^^^^^^^^^^^^^^^^^^
  File "/Users/ameeshamasand/Documents/mgt656_final_project/.venv/lib/python3.12/site-packages/rest_framework/viewsets.py", line 125, in view
    return self.dispatch(request, *args, **kwargs)
           ^^^^^^^^^^^^^^^^^^^^^^^^^^^^^^^^^^^^^^^
  File "/Users/ameeshamasand/Documents/mgt656_final_project/.venv/lib/python3.12/site-packages/rest_framework/views.py", line 515, in dispatch
    response = self.handle_exception(exc)
               ^^^^^^^^^^^^^^^^^^^^^^^^^^
  File "/Users/ameeshamasand/Documents/mgt656_final_project/.venv/lib/python3.12/site-packages/rest_framework/views.py", line 475, in handle_exception
    self.raise_uncaught_exception(exc)
  File "/Users/ameeshamasand/Documents/mgt656_final_project/.venv/lib/python3.12/site-packages/rest_framework/views.py", line 486, in raise_uncaught_exception
    raise exc
  File "/Users/ameeshamasand/Documents/mgt656_final_project/.venv/lib/python3.12/site-packages/rest_framework/views.py", line 512, in dispatch
    response = handler(request, *args, **kwargs)
               ^^^^^^^^^^^^^^^^^^^^^^^^^^^^^^^^^
  File "/Users/ameeshamasand/Documents/mgt656_final_project/core/views.py", line 55, in comment
    serializer.save()
  File "/Users/ameeshamasand/Documents/mgt656_final_project/.venv/lib/python3.12/site-packages/rest_framework/serializers.py", line 210, in save
    self.instance = self.create(validated_data)
                    ^^^^^^^^^^^^^^^^^^^^^^^^^^^
  File "/Users/ameeshamasand/Documents/mgt656_final_project/.venv/lib/python3.12/site-packages/rest_framework/serializers.py", line 991, in create
    instance = ModelClass._default_manager.create(**validated_data)
               ^^^^^^^^^^^^^^^^^^^^^^^^^^^^^^^^^^^^^^^^^^^^^^^^^^^^
  File "/Users/ameeshamasand/Documents/mgt656_final_project/.venv/lib/python3.12/site-packages/django/db/models/manager.py", line 87, in manager_method
    return getattr(self.get_queryset(), name)(*args, **kwargs)
           ^^^^^^^^^^^^^^^^^^^^^^^^^^^^^^^^^^^^^^^^^^^^^^^^^^^
  File "/Users/ameeshamasand/Documents/mgt656_final_project/.venv/lib/python3.12/site-packages/django/db/models/query.py", line 665, in create
    obj.save(force_insert=True, using=self.db)
  File "/Users/ameeshamasand/Documents/mgt656_final_project/.venv/lib/python3.12/site-packages/django/db/models/base.py", line 902, in save
    self.save_base(
  File "/Users/ameeshamasand/Documents/mgt656_final_project/.venv/lib/python3.12/site-packages/django/db/models/base.py", line 1008, in save_base
    updated = self._save_table(
              ^^^^^^^^^^^^^^^^^
  File "/Users/ameeshamasand/Documents/mgt656_final_project/.venv/lib/python3.12/site-packages/django/db/models/base.py", line 1169, in _save_table
    results = self._do_insert(
              ^^^^^^^^^^^^^^^^
  File "/Users/ameeshamasand/Documents/mgt656_final_project/.venv/lib/python3.12/site-packages/django/db/models/base.py", line 1210, in _do_insert
    return manager._insert(
           ^^^^^^^^^^^^^^^^
  File "/Users/ameeshamasand/Documents/mgt656_final_project/.venv/lib/python3.12/site-packages/django/db/models/manager.py", line 87, in manager_method
    return getattr(self.get_queryset(), name)(*args, **kwargs)
           ^^^^^^^^^^^^^^^^^^^^^^^^^^^^^^^^^^^^^^^^^^^^^^^^^^^
  File "/Users/ameeshamasand/Documents/mgt656_final_project/.venv/lib/python3.12/site-packages/django/db/models/query.py", line 1873, in _insert
    return query.get_compiler(using=using).execute_sql(returning_fields)
           ^^^^^^^^^^^^^^^^^^^^^^^^^^^^^^^^^^^^^^^^^^^^^^^^^^^^^^^^^^^^^
  File "/Users/ameeshamasand/Documents/mgt656_final_project/.venv/lib/python3.12/site-packages/django/db/models/sql/compiler.py", line 1882, in execute_sql
    cursor.execute(sql, params)
  File "/Users/ameeshamasand/Documents/mgt656_final_project/.venv/lib/python3.12/site-packages/django/db/backends/utils.py", line 122, in execute
    return super().execute(sql, params)
           ^^^^^^^^^^^^^^^^^^^^^^^^^^^^
  File "/Users/ameeshamasand/Documents/mgt656_final_project/.venv/lib/python3.12/site-packages/django/db/backends/utils.py", line 79, in execute
    return self._execute_with_wrappers(
           ^^^^^^^^^^^^^^^^^^^^^^^^^^^^
  File "/Users/ameeshamasand/Documents/mgt656_final_project/.venv/lib/python3.12/site-packages/django/db/backends/utils.py", line 92, in _execute_with_wrappers
    return executor(sql, params, many, context)
           ^^^^^^^^^^^^^^^^^^^^^^^^^^^^^^^^^^^^
  File "/Users/ameeshamasand/Documents/mgt656_final_project/.venv/lib/python3.12/site-packages/django/db/backends/utils.py", line 100, in _execute
    with self.db.wrap_database_errors:
         ^^^^^^^^^^^^^^^^^^^^^^^^^^^^
  File "/Users/ameeshamasand/Documents/mgt656_final_project/.venv/lib/python3.12/site-packages/django/db/utils.py", line 91, in __exit__
    raise dj_exc_value.with_traceback(traceback) from exc_value
  File "/Users/ameeshamasand/Documents/mgt656_final_project/.venv/lib/python3.12/site-packages/django/db/backends/utils.py", line 105, in _execute
    return self.cursor.execute(sql, params)
           ^^^^^^^^^^^^^^^^^^^^^^^^^^^^^^^^
django.db.utils.IntegrityError: null value in column "user_id" of relation "core_comment" violates not-null constraint
DETAIL:  Failing row contains (1, hello, t, 2025-11-12 05:39:21.707617+00, null, null, null).

[12/Nov/2025 05:39:21] "POST /api/posts/1/comment/ HTTP/1.1" 500 190396
Unauthorized: /api/auth/login/
[12/Nov/2025 05:39:35] "POST /api/auth/login/ HTTP/1.1" 401 32
/Users/ameeshamasand/Documents/mgt656_final_project/core/serializers.py changed, reloading.
Performing system checks...

System check identified no issues (0 silenced).
November 12, 2025 - 05:39:02
Django version 5.2.8, using settings 'agora_backend.settings'
Starting development server at http://127.0.0.1:8000/
Quit the server with CONTROL-C.

WARNING: This is a development server. Do not use it in a production setting. Use a production WSGI or ASGI server instead.
For more information on production servers see: https://docs.djangoproject.com/en/5.2/howto/deployment/
Watching for file changes with StatReloader
/Users/ameeshamasand/Documents/mgt656_final_project/core/serializers.py changed, reloading.
Performing system checks...

System check identified no issues (0 silenced).
November 12, 2025 - 05:41:25
Django version 5.2.8, using settings 'agora_backend.settings'
Starting development server at http://127.0.0.1:8000/
Quit the server with CONTROL-C.

WARNING: This is a development server. Do not use it in a production setting. Use a production WSGI or ASGI server instead.
For more information on production servers see: https://docs.djangoproject.com/en/5.2/howto/deployment/
Watching for file changes with StatReloader
/Users/ameeshamasand/Documents/mgt656_final_project/core/serializers.py changed, reloading.
Performing system checks...

System check identified no issues (0 silenced).
November 12, 2025 - 05:41:40
Django version 5.2.8, using settings 'agora_backend.settings'
Starting development server at http://127.0.0.1:8000/
Quit the server with CONTROL-C.

WARNING: This is a development server. Do not use it in a production setting. Use a production WSGI or ASGI server instead.
For more information on production servers see: https://docs.djangoproject.com/en/5.2/howto/deployment/
Watching for file changes with StatReloader
[12/Nov/2025 05:41:55] "GET /api/auth/csrf/ HTTP/1.1" 200 80
[12/Nov/2025 05:41:55] "GET /api/posts/?feed=all HTTP/1.1" 200 654
[12/Nov/2025 05:41:55] "GET /api/auth/csrf/ HTTP/1.1" 200 80
[12/Nov/2025 05:41:55] "GET /api/posts/?feed=all HTTP/1.1" 200 654
[12/Nov/2025 05:42:03] "POST /api/auth/login/ HTTP/1.1" 200 142
[12/Nov/2025 05:42:04] "GET /api/auth/csrf/ HTTP/1.1" 200 80
[12/Nov/2025 05:42:04] "GET /api/posts/?feed=all HTTP/1.1" 200 654
[12/Nov/2025 05:42:04] "GET /api/auth/csrf/ HTTP/1.1" 200 80
[12/Nov/2025 05:42:04] "GET /api/posts/?feed=all HTTP/1.1" 200 654
Internal Server Error: /api/posts/1/comment/
Traceback (most recent call last):
  File "/Users/ameeshamasand/Documents/mgt656_final_project/.venv/lib/python3.12/site-packages/django/db/backends/utils.py", line 105, in _execute
    return self.cursor.execute(sql, params)
           ^^^^^^^^^^^^^^^^^^^^^^^^^^^^^^^^
psycopg2.errors.NotNullViolation: null value in column "user_id" of relation "core_comment" violates not-null constraint
DETAIL:  Failing row contains (2, Sallys, t, 2025-11-12 05:42:09.022004+00, null, null, null).


The above exception was the direct cause of the following exception:

Traceback (most recent call last):
  File "/Users/ameeshamasand/Documents/mgt656_final_project/.venv/lib/python3.12/site-packages/django/core/handlers/exception.py", line 55, in inner
    response = get_response(request)
               ^^^^^^^^^^^^^^^^^^^^^
  File "/Users/ameeshamasand/Documents/mgt656_final_project/.venv/lib/python3.12/site-packages/django/core/handlers/base.py", line 197, in _get_response
    response = wrapped_callback(request, *callback_args, **callback_kwargs)
               ^^^^^^^^^^^^^^^^^^^^^^^^^^^^^^^^^^^^^^^^^^^^^^^^^^^^^^^^^^^^
  File "/Users/ameeshamasand/Documents/mgt656_final_project/.venv/lib/python3.12/site-packages/django/views/decorators/csrf.py", line 65, in _view_wrapper
    return view_func(request, *args, **kwargs)
           ^^^^^^^^^^^^^^^^^^^^^^^^^^^^^^^^^^^
  File "/Users/ameeshamasand/Documents/mgt656_final_project/.venv/lib/python3.12/site-packages/rest_framework/viewsets.py", line 125, in view
    return self.dispatch(request, *args, **kwargs)
           ^^^^^^^^^^^^^^^^^^^^^^^^^^^^^^^^^^^^^^^
  File "/Users/ameeshamasand/Documents/mgt656_final_project/.venv/lib/python3.12/site-packages/rest_framework/views.py", line 515, in dispatch
    response = self.handle_exception(exc)
               ^^^^^^^^^^^^^^^^^^^^^^^^^^
  File "/Users/ameeshamasand/Documents/mgt656_final_project/.venv/lib/python3.12/site-packages/rest_framework/views.py", line 475, in handle_exception
    self.raise_uncaught_exception(exc)
  File "/Users/ameeshamasand/Documents/mgt656_final_project/.venv/lib/python3.12/site-packages/rest_framework/views.py", line 486, in raise_uncaught_exception
    raise exc
  File "/Users/ameeshamasand/Documents/mgt656_final_project/.venv/lib/python3.12/site-packages/rest_framework/views.py", line 512, in dispatch
    response = handler(request, *args, **kwargs)
               ^^^^^^^^^^^^^^^^^^^^^^^^^^^^^^^^^
  File "/Users/ameeshamasand/Documents/mgt656_final_project/core/views.py", line 55, in comment
    serializer.save()
  File "/Users/ameeshamasand/Documents/mgt656_final_project/.venv/lib/python3.12/site-packages/rest_framework/serializers.py", line 210, in save
    self.instance = self.create(validated_data)
                    ^^^^^^^^^^^^^^^^^^^^^^^^^^^
  File "/Users/ameeshamasand/Documents/mgt656_final_project/.venv/lib/python3.12/site-packages/rest_framework/serializers.py", line 991, in create
    instance = ModelClass._default_manager.create(**validated_data)
               ^^^^^^^^^^^^^^^^^^^^^^^^^^^^^^^^^^^^^^^^^^^^^^^^^^^^
  File "/Users/ameeshamasand/Documents/mgt656_final_project/.venv/lib/python3.12/site-packages/django/db/models/manager.py", line 87, in manager_method
    return getattr(self.get_queryset(), name)(*args, **kwargs)
           ^^^^^^^^^^^^^^^^^^^^^^^^^^^^^^^^^^^^^^^^^^^^^^^^^^^
  File "/Users/ameeshamasand/Documents/mgt656_final_project/.venv/lib/python3.12/site-packages/django/db/models/query.py", line 665, in create
    obj.save(force_insert=True, using=self.db)
  File "/Users/ameeshamasand/Documents/mgt656_final_project/.venv/lib/python3.12/site-packages/django/db/models/base.py", line 902, in save
    self.save_base(
  File "/Users/ameeshamasand/Documents/mgt656_final_project/.venv/lib/python3.12/site-packages/django/db/models/base.py", line 1008, in save_base
    updated = self._save_table(
              ^^^^^^^^^^^^^^^^^
  File "/Users/ameeshamasand/Documents/mgt656_final_project/.venv/lib/python3.12/site-packages/django/db/models/base.py", line 1169, in _save_table
    results = self._do_insert(
              ^^^^^^^^^^^^^^^^
  File "/Users/ameeshamasand/Documents/mgt656_final_project/.venv/lib/python3.12/site-packages/django/db/models/base.py", line 1210, in _do_insert
    return manager._insert(
           ^^^^^^^^^^^^^^^^
  File "/Users/ameeshamasand/Documents/mgt656_final_project/.venv/lib/python3.12/site-packages/django/db/models/manager.py", line 87, in manager_method
    return getattr(self.get_queryset(), name)(*args, **kwargs)
           ^^^^^^^^^^^^^^^^^^^^^^^^^^^^^^^^^^^^^^^^^^^^^^^^^^^
  File "/Users/ameeshamasand/Documents/mgt656_final_project/.venv/lib/python3.12/site-packages/django/db/models/query.py", line 1873, in _insert
    return query.get_compiler(using=using).execute_sql(returning_fields)
           ^^^^^^^^^^^^^^^^^^^^^^^^^^^^^^^^^^^^^^^^^^^^^^^^^^^^^^^^^^^^^
  File "/Users/ameeshamasand/Documents/mgt656_final_project/.venv/lib/python3.12/site-packages/django/db/models/sql/compiler.py", line 1882, in execute_sql
    cursor.execute(sql, params)
  File "/Users/ameeshamasand/Documents/mgt656_final_project/.venv/lib/python3.12/site-packages/django/db/backends/utils.py", line 122, in execute
    return super().execute(sql, params)
           ^^^^^^^^^^^^^^^^^^^^^^^^^^^^
  File "/Users/ameeshamasand/Documents/mgt656_final_project/.venv/lib/python3.12/site-packages/django/db/backends/utils.py", line 79, in execute
    return self._execute_with_wrappers(
           ^^^^^^^^^^^^^^^^^^^^^^^^^^^^
  File "/Users/ameeshamasand/Documents/mgt656_final_project/.venv/lib/python3.12/site-packages/django/db/backends/utils.py", line 92, in _execute_with_wrappers
    return executor(sql, params, many, context)
           ^^^^^^^^^^^^^^^^^^^^^^^^^^^^^^^^^^^^
  File "/Users/ameeshamasand/Documents/mgt656_final_project/.venv/lib/python3.12/site-packages/django/db/backends/utils.py", line 100, in _execute
    with self.db.wrap_database_errors:
         ^^^^^^^^^^^^^^^^^^^^^^^^^^^^
  File "/Users/ameeshamasand/Documents/mgt656_final_project/.venv/lib/python3.12/site-packages/django/db/utils.py", line 91, in __exit__
    raise dj_exc_value.with_traceback(traceback) from exc_value
  File "/Users/ameeshamasand/Documents/mgt656_final_project/.venv/lib/python3.12/site-packages/django/db/backends/utils.py", line 105, in _execute
    return self.cursor.execute(sql, params)
           ^^^^^^^^^^^^^^^^^^^^^^^^^^^^^^^^
django.db.utils.IntegrityError: null value in column "user_id" of relation "core_comment" violates not-null constraint
DETAIL:  Failing row contains (2, Sallys, t, 2025-11-12 05:42:09.022004+00, null, null, null).

[12/Nov/2025 05:42:09] "POST /api/posts/1/comment/ HTTP/1.1" 500 190401
/Users/ameeshamasand/Documents/mgt656_final_project/core/serializers.py changed, reloading.
Performing system checks...

System check identified no issues (0 silenced).
November 12, 2025 - 05:41:51
Django version 5.2.8, using settings 'agora_backend.settings'
Starting development server at http://127.0.0.1:8000/
Quit the server with CONTROL-C.

WARNING: This is a development server. Do not use it in a production setting. Use a production WSGI or ASGI server instead.
For more information on production servers see: https://docs.djangoproject.com/en/5.2/howto/deployment/
Watching for file changes with StatReloader
/Users/ameeshamasand/Documents/mgt656_final_project/core/serializers.py changed, reloading.
Performing system checks...

System check identified no issues (0 silenced).
November 12, 2025 - 05:42:46
Django version 5.2.8, using settings 'agora_backend.settings'
Starting development server at http://127.0.0.1:8000/
Quit the server with CONTROL-C.

WARNING: This is a development server. Do not use it in a production setting. Use a production WSGI or ASGI server instead.
For more information on production servers see: https://docs.djangoproject.com/en/5.2/howto/deployment/
Watching for file changes with StatReloader
/Users/ameeshamasand/Documents/mgt656_final_project/core/serializers.py changed, reloading.
Performing system checks...

System check identified no issues (0 silenced).
November 12, 2025 - 05:42:48
Django version 5.2.8, using settings 'agora_backend.settings'
Starting development server at http://127.0.0.1:8000/
Quit the server with CONTROL-C.

WARNING: This is a development server. Do not use it in a production setting. Use a production WSGI or ASGI server instead.
For more information on production servers see: https://docs.djangoproject.com/en/5.2/howto/deployment/
Watching for file changes with StatReloader
/Users/ameeshamasand/Documents/mgt656_final_project/core/serializers.py changed, reloading.
Performing system checks...

System check identified no issues (0 silenced).
November 12, 2025 - 05:42:57
Django version 5.2.8, using settings 'agora_backend.settings'
Starting development server at http://127.0.0.1:8000/
Quit the server with CONTROL-C.

WARNING: This is a development server. Do not use it in a production setting. Use a production WSGI or ASGI server instead.
For more information on production servers see: https://docs.djangoproject.com/en/5.2/howto/deployment/
Watching for file changes with StatReloader
/Users/ameeshamasand/Documents/mgt656_final_project/core/serializers.py changed, reloading.
Performing system checks...

System check identified no issues (0 silenced).
November 12, 2025 - 05:43:03
Django version 5.2.8, using settings 'agora_backend.settings'
Starting development server at http://127.0.0.1:8000/
Quit the server with CONTROL-C.

WARNING: This is a development server. Do not use it in a production setting. Use a production WSGI or ASGI server instead.
For more information on production servers see: https://docs.djangoproject.com/en/5.2/howto/deployment/
Watching for file changes with StatReloader
[12/Nov/2025 05:43:17] "GET /api/auth/csrf/ HTTP/1.1" 200 80
[12/Nov/2025 05:43:17] "GET /api/posts/?feed=all HTTP/1.1" 200 658
[12/Nov/2025 05:43:17] "GET /api/auth/csrf/ HTTP/1.1" 200 80
[12/Nov/2025 05:43:17] "GET /api/posts/?feed=all HTTP/1.1" 200 658
[12/Nov/2025 05:43:27] "POST /api/auth/login/ HTTP/1.1" 200 142
[12/Nov/2025 05:43:27] "GET /api/auth/csrf/ HTTP/1.1" 200 80
[12/Nov/2025 05:43:27] "GET /api/posts/?feed=all HTTP/1.1" 200 658
[12/Nov/2025 05:43:27] "GET /api/auth/csrf/ HTTP/1.1" 200 80
[12/Nov/2025 05:43:27] "GET /api/posts/?feed=all HTTP/1.1" 200 658
[12/Nov/2025 05:43:29] "POST /api/posts/1/like/ HTTP/1.1" 200 31
Internal Server Error: /api/posts/1/comment/
Traceback (most recent call last):
  File "/Users/ameeshamasand/Documents/mgt656_final_project/.venv/lib/python3.12/site-packages/django/db/backends/utils.py", line 105, in _execute
    return self.cursor.execute(sql, params)
           ^^^^^^^^^^^^^^^^^^^^^^^^^^^^^^^^
psycopg2.errors.NotNullViolation: null value in column "user_id" of relation "core_comment" violates not-null constraint
DETAIL:  Failing row contains (3, Sally's, t, 2025-11-12 05:43:35.308463+00, null, null, null).


The above exception was the direct cause of the following exception:

Traceback (most recent call last):
  File "/Users/ameeshamasand/Documents/mgt656_final_project/.venv/lib/python3.12/site-packages/django/core/handlers/exception.py", line 55, in inner
    response = get_response(request)
               ^^^^^^^^^^^^^^^^^^^^^
  File "/Users/ameeshamasand/Documents/mgt656_final_project/.venv/lib/python3.12/site-packages/django/core/handlers/base.py", line 197, in _get_response
    response = wrapped_callback(request, *callback_args, **callback_kwargs)
               ^^^^^^^^^^^^^^^^^^^^^^^^^^^^^^^^^^^^^^^^^^^^^^^^^^^^^^^^^^^^
  File "/Users/ameeshamasand/Documents/mgt656_final_project/.venv/lib/python3.12/site-packages/django/views/decorators/csrf.py", line 65, in _view_wrapper
    return view_func(request, *args, **kwargs)
           ^^^^^^^^^^^^^^^^^^^^^^^^^^^^^^^^^^^
  File "/Users/ameeshamasand/Documents/mgt656_final_project/.venv/lib/python3.12/site-packages/rest_framework/viewsets.py", line 125, in view
    return self.dispatch(request, *args, **kwargs)
           ^^^^^^^^^^^^^^^^^^^^^^^^^^^^^^^^^^^^^^^
  File "/Users/ameeshamasand/Documents/mgt656_final_project/.venv/lib/python3.12/site-packages/rest_framework/views.py", line 515, in dispatch
    response = self.handle_exception(exc)
               ^^^^^^^^^^^^^^^^^^^^^^^^^^
  File "/Users/ameeshamasand/Documents/mgt656_final_project/.venv/lib/python3.12/site-packages/rest_framework/views.py", line 475, in handle_exception
    self.raise_uncaught_exception(exc)
  File "/Users/ameeshamasand/Documents/mgt656_final_project/.venv/lib/python3.12/site-packages/rest_framework/views.py", line 486, in raise_uncaught_exception
    raise exc
  File "/Users/ameeshamasand/Documents/mgt656_final_project/.venv/lib/python3.12/site-packages/rest_framework/views.py", line 512, in dispatch
    response = handler(request, *args, **kwargs)
               ^^^^^^^^^^^^^^^^^^^^^^^^^^^^^^^^^
  File "/Users/ameeshamasand/Documents/mgt656_final_project/core/views.py", line 55, in comment
    serializer.save()
  File "/Users/ameeshamasand/Documents/mgt656_final_project/.venv/lib/python3.12/site-packages/rest_framework/serializers.py", line 210, in save
    self.instance = self.create(validated_data)
                    ^^^^^^^^^^^^^^^^^^^^^^^^^^^
  File "/Users/ameeshamasand/Documents/mgt656_final_project/.venv/lib/python3.12/site-packages/rest_framework/serializers.py", line 991, in create
    instance = ModelClass._default_manager.create(**validated_data)
               ^^^^^^^^^^^^^^^^^^^^^^^^^^^^^^^^^^^^^^^^^^^^^^^^^^^^
  File "/Users/ameeshamasand/Documents/mgt656_final_project/.venv/lib/python3.12/site-packages/django/db/models/manager.py", line 87, in manager_method
    return getattr(self.get_queryset(), name)(*args, **kwargs)
           ^^^^^^^^^^^^^^^^^^^^^^^^^^^^^^^^^^^^^^^^^^^^^^^^^^^
  File "/Users/ameeshamasand/Documents/mgt656_final_project/.venv/lib/python3.12/site-packages/django/db/models/query.py", line 665, in create
    obj.save(force_insert=True, using=self.db)
  File "/Users/ameeshamasand/Documents/mgt656_final_project/.venv/lib/python3.12/site-packages/django/db/models/base.py", line 902, in save
    self.save_base(
  File "/Users/ameeshamasand/Documents/mgt656_final_project/.venv/lib/python3.12/site-packages/django/db/models/base.py", line 1008, in save_base
    updated = self._save_table(
              ^^^^^^^^^^^^^^^^^
  File "/Users/ameeshamasand/Documents/mgt656_final_project/.venv/lib/python3.12/site-packages/django/db/models/base.py", line 1169, in _save_table
    results = self._do_insert(
              ^^^^^^^^^^^^^^^^
  File "/Users/ameeshamasand/Documents/mgt656_final_project/.venv/lib/python3.12/site-packages/django/db/models/base.py", line 1210, in _do_insert
    return manager._insert(
           ^^^^^^^^^^^^^^^^
  File "/Users/ameeshamasand/Documents/mgt656_final_project/.venv/lib/python3.12/site-packages/django/db/models/manager.py", line 87, in manager_method
    return getattr(self.get_queryset(), name)(*args, **kwargs)
           ^^^^^^^^^^^^^^^^^^^^^^^^^^^^^^^^^^^^^^^^^^^^^^^^^^^
  File "/Users/ameeshamasand/Documents/mgt656_final_project/.venv/lib/python3.12/site-packages/django/db/models/query.py", line 1873, in _insert
    return query.get_compiler(using=using).execute_sql(returning_fields)
           ^^^^^^^^^^^^^^^^^^^^^^^^^^^^^^^^^^^^^^^^^^^^^^^^^^^^^^^^^^^^^
  File "/Users/ameeshamasand/Documents/mgt656_final_project/.venv/lib/python3.12/site-packages/django/db/models/sql/compiler.py", line 1882, in execute_sql
    cursor.execute(sql, params)
  File "/Users/ameeshamasand/Documents/mgt656_final_project/.venv/lib/python3.12/site-packages/django/db/backends/utils.py", line 122, in execute
    return super().execute(sql, params)
           ^^^^^^^^^^^^^^^^^^^^^^^^^^^^
  File "/Users/ameeshamasand/Documents/mgt656_final_project/.venv/lib/python3.12/site-packages/django/db/backends/utils.py", line 79, in execute
    return self._execute_with_wrappers(
           ^^^^^^^^^^^^^^^^^^^^^^^^^^^^
  File "/Users/ameeshamasand/Documents/mgt656_final_project/.venv/lib/python3.12/site-packages/django/db/backends/utils.py", line 92, in _execute_with_wrappers
    return executor(sql, params, many, context)
           ^^^^^^^^^^^^^^^^^^^^^^^^^^^^^^^^^^^^
  File "/Users/ameeshamasand/Documents/mgt656_final_project/.venv/lib/python3.12/site-packages/django/db/backends/utils.py", line 100, in _execute
    with self.db.wrap_database_errors:
         ^^^^^^^^^^^^^^^^^^^^^^^^^^^^
  File "/Users/ameeshamasand/Documents/mgt656_final_project/.venv/lib/python3.12/site-packages/django/db/utils.py", line 91, in __exit__
    raise dj_exc_value.with_traceback(traceback) from exc_value
  File "/Users/ameeshamasand/Documents/mgt656_final_project/.venv/lib/python3.12/site-packages/django/db/backends/utils.py", line 105, in _execute
    return self.cursor.execute(sql, params)
           ^^^^^^^^^^^^^^^^^^^^^^^^^^^^^^^^
django.db.utils.IntegrityError: null value in column "user_id" of relation "core_comment" violates not-null constraint
DETAIL:  Failing row contains (3, Sally's, t, 2025-11-12 05:43:35.308463+00, null, null, null).

[12/Nov/2025 05:43:35] "POST /api/posts/1/comment/ HTTP/1.1" 500 190690
[12/Nov/2025 05:45:56] "GET /api/auth/csrf/ HTTP/1.1" 200 80
[12/Nov/2025 05:45:56] "GET /api/posts/?feed=all HTTP/1.1" 200 659
[12/Nov/2025 05:45:56] "GET /api/auth/csrf/ HTTP/1.1" 200 80
[12/Nov/2025 05:45:56] "GET /api/posts/?feed=all HTTP/1.1" 200 659
[12/Nov/2025 05:46:09] "POST /api/auth/login/ HTTP/1.1" 200 142
[12/Nov/2025 05:46:09] "GET /api/auth/csrf/ HTTP/1.1" 200 80
[12/Nov/2025 05:46:09] "GET /api/posts/?feed=all HTTP/1.1" 200 659
[12/Nov/2025 05:46:09] "GET /api/auth/csrf/ HTTP/1.1" 200 80
[12/Nov/2025 05:46:09] "GET /api/posts/?feed=all HTTP/1.1" 200 659
Internal Server Error: /api/posts/1/comment/
Traceback (most recent call last):
  File "/Users/ameeshamasand/Documents/mgt656_final_project/.venv/lib/python3.12/site-packages/django/db/backends/utils.py", line 105, in _execute
    return self.cursor.execute(sql, params)
           ^^^^^^^^^^^^^^^^^^^^^^^^^^^^^^^^
psycopg2.errors.NotNullViolation: null value in column "user_id" of relation "core_comment" violates not-null constraint
DETAIL:  Failing row contains (4, hello, t, 2025-11-12 05:46:14.04637+00, null, null, null).


The above exception was the direct cause of the following exception:

Traceback (most recent call last):
  File "/Users/ameeshamasand/Documents/mgt656_final_project/.venv/lib/python3.12/site-packages/django/core/handlers/exception.py", line 55, in inner
    response = get_response(request)
               ^^^^^^^^^^^^^^^^^^^^^
  File "/Users/ameeshamasand/Documents/mgt656_final_project/.venv/lib/python3.12/site-packages/django/core/handlers/base.py", line 197, in _get_response
    response = wrapped_callback(request, *callback_args, **callback_kwargs)
               ^^^^^^^^^^^^^^^^^^^^^^^^^^^^^^^^^^^^^^^^^^^^^^^^^^^^^^^^^^^^
  File "/Users/ameeshamasand/Documents/mgt656_final_project/.venv/lib/python3.12/site-packages/django/views/decorators/csrf.py", line 65, in _view_wrapper
    return view_func(request, *args, **kwargs)
           ^^^^^^^^^^^^^^^^^^^^^^^^^^^^^^^^^^^
  File "/Users/ameeshamasand/Documents/mgt656_final_project/.venv/lib/python3.12/site-packages/rest_framework/viewsets.py", line 125, in view
    return self.dispatch(request, *args, **kwargs)
           ^^^^^^^^^^^^^^^^^^^^^^^^^^^^^^^^^^^^^^^
  File "/Users/ameeshamasand/Documents/mgt656_final_project/.venv/lib/python3.12/site-packages/rest_framework/views.py", line 515, in dispatch
    response = self.handle_exception(exc)
               ^^^^^^^^^^^^^^^^^^^^^^^^^^
  File "/Users/ameeshamasand/Documents/mgt656_final_project/.venv/lib/python3.12/site-packages/rest_framework/views.py", line 475, in handle_exception
    self.raise_uncaught_exception(exc)
  File "/Users/ameeshamasand/Documents/mgt656_final_project/.venv/lib/python3.12/site-packages/rest_framework/views.py", line 486, in raise_uncaught_exception
    raise exc
  File "/Users/ameeshamasand/Documents/mgt656_final_project/.venv/lib/python3.12/site-packages/rest_framework/views.py", line 512, in dispatch
    response = handler(request, *args, **kwargs)
               ^^^^^^^^^^^^^^^^^^^^^^^^^^^^^^^^^
  File "/Users/ameeshamasand/Documents/mgt656_final_project/core/views.py", line 55, in comment
    serializer.save()
  File "/Users/ameeshamasand/Documents/mgt656_final_project/.venv/lib/python3.12/site-packages/rest_framework/serializers.py", line 210, in save
    self.instance = self.create(validated_data)
                    ^^^^^^^^^^^^^^^^^^^^^^^^^^^
  File "/Users/ameeshamasand/Documents/mgt656_final_project/.venv/lib/python3.12/site-packages/rest_framework/serializers.py", line 991, in create
    instance = ModelClass._default_manager.create(**validated_data)
               ^^^^^^^^^^^^^^^^^^^^^^^^^^^^^^^^^^^^^^^^^^^^^^^^^^^^
  File "/Users/ameeshamasand/Documents/mgt656_final_project/.venv/lib/python3.12/site-packages/django/db/models/manager.py", line 87, in manager_method
    return getattr(self.get_queryset(), name)(*args, **kwargs)
           ^^^^^^^^^^^^^^^^^^^^^^^^^^^^^^^^^^^^^^^^^^^^^^^^^^^
  File "/Users/ameeshamasand/Documents/mgt656_final_project/.venv/lib/python3.12/site-packages/django/db/models/query.py", line 665, in create
    obj.save(force_insert=True, using=self.db)
  File "/Users/ameeshamasand/Documents/mgt656_final_project/.venv/lib/python3.12/site-packages/django/db/models/base.py", line 902, in save
    self.save_base(
  File "/Users/ameeshamasand/Documents/mgt656_final_project/.venv/lib/python3.12/site-packages/django/db/models/base.py", line 1008, in save_base
    updated = self._save_table(
              ^^^^^^^^^^^^^^^^^
  File "/Users/ameeshamasand/Documents/mgt656_final_project/.venv/lib/python3.12/site-packages/django/db/models/base.py", line 1169, in _save_table
    results = self._do_insert(
              ^^^^^^^^^^^^^^^^
  File "/Users/ameeshamasand/Documents/mgt656_final_project/.venv/lib/python3.12/site-packages/django/db/models/base.py", line 1210, in _do_insert
    return manager._insert(
           ^^^^^^^^^^^^^^^^
  File "/Users/ameeshamasand/Documents/mgt656_final_project/.venv/lib/python3.12/site-packages/django/db/models/manager.py", line 87, in manager_method
    return getattr(self.get_queryset(), name)(*args, **kwargs)
           ^^^^^^^^^^^^^^^^^^^^^^^^^^^^^^^^^^^^^^^^^^^^^^^^^^^
  File "/Users/ameeshamasand/Documents/mgt656_final_project/.venv/lib/python3.12/site-packages/django/db/models/query.py", line 1873, in _insert
    return query.get_compiler(using=using).execute_sql(returning_fields)
           ^^^^^^^^^^^^^^^^^^^^^^^^^^^^^^^^^^^^^^^^^^^^^^^^^^^^^^^^^^^^^
  File "/Users/ameeshamasand/Documents/mgt656_final_project/.venv/lib/python3.12/site-packages/django/db/models/sql/compiler.py", line 1882, in execute_sql
    cursor.execute(sql, params)
  File "/Users/ameeshamasand/Documents/mgt656_final_project/.venv/lib/python3.12/site-packages/django/db/backends/utils.py", line 122, in execute
    return super().execute(sql, params)
           ^^^^^^^^^^^^^^^^^^^^^^^^^^^^
  File "/Users/ameeshamasand/Documents/mgt656_final_project/.venv/lib/python3.12/site-packages/django/db/backends/utils.py", line 79, in execute
    return self._execute_with_wrappers(
           ^^^^^^^^^^^^^^^^^^^^^^^^^^^^
  File "/Users/ameeshamasand/Documents/mgt656_final_project/.venv/lib/python3.12/site-packages/django/db/backends/utils.py", line 92, in _execute_with_wrappers
    return executor(sql, params, many, context)
           ^^^^^^^^^^^^^^^^^^^^^^^^^^^^^^^^^^^^
  File "/Users/ameeshamasand/Documents/mgt656_final_project/.venv/lib/python3.12/site-packages/django/db/backends/utils.py", line 100, in _execute
    with self.db.wrap_database_errors:
         ^^^^^^^^^^^^^^^^^^^^^^^^^^^^
  File "/Users/ameeshamasand/Documents/mgt656_final_project/.venv/lib/python3.12/site-packages/django/db/utils.py", line 91, in __exit__
    raise dj_exc_value.with_traceback(traceback) from exc_value
  File "/Users/ameeshamasand/Documents/mgt656_final_project/.venv/lib/python3.12/site-packages/django/db/backends/utils.py", line 105, in _execute
    return self.cursor.execute(sql, params)
           ^^^^^^^^^^^^^^^^^^^^^^^^^^^^^^^^
django.db.utils.IntegrityError: null value in column "user_id" of relation "core_comment" violates not-null constraint
DETAIL:  Failing row contains (4, hello, t, 2025-11-12 05:46:14.04637+00, null, null, null).

[12/Nov/2025 05:46:14] "POST /api/posts/1/comment/ HTTP/1.1" 500 190493
[12/Nov/2025 15:25:58] "GET /api/auth/csrf/ HTTP/1.1" 200 80
[12/Nov/2025 15:25:58] "GET /api/posts/?feed=all HTTP/1.1" 200 659
[12/Nov/2025 15:25:58] "GET /api/auth/csrf/ HTTP/1.1" 200 80
[12/Nov/2025 15:25:58] "GET /api/posts/?feed=all HTTP/1.1" 200 659
/Users/ameeshamasand/Documents/mgt656_final_project/backend/agora_backend/urls.py changed, reloading.
Performing system checks...

System check identified no issues (0 silenced).
November 12, 2025 - 05:43:14
Django version 5.2.8, using settings 'agora_backend.settings'
Starting development server at http://127.0.0.1:8000/
Quit the server with CONTROL-C.

WARNING: This is a development server. Do not use it in a production setting. Use a production WSGI or ASGI server instead.
For more information on production servers see: https://docs.djangoproject.com/en/5.2/howto/deployment/
Watching for file changes with StatReloader
/Users/ameeshamasand/Documents/mgt656_final_project/backend/agora_backend/settings.py changed, reloading.
Performing system checks...

System check identified no issues (0 silenced).
November 12, 2025 - 15:49:32
Django version 5.2.8, using settings 'agora_backend.settings'
Starting development server at http://127.0.0.1:8000/
Quit the server with CONTROL-C.

WARNING: This is a development server. Do not use it in a production setting. Use a production WSGI or ASGI server instead.
For more information on production servers see: https://docs.djangoproject.com/en/5.2/howto/deployment/
Watching for file changes with StatReloader
[12/Nov/2025 16:20:59] "POST /api/auth/login/ HTTP/1.1" 200 142
[12/Nov/2025 16:21:00] "GET /api/auth/csrf/ HTTP/1.1" 200 80
[12/Nov/2025 16:21:00] "GET /api/posts/?feed=all HTTP/1.1" 200 659
[12/Nov/2025 16:21:00] "GET /api/auth/csrf/ HTTP/1.1" 200 80
[12/Nov/2025 16:21:00] "GET /api/posts/?feed=all HTTP/1.1" 200 659
[12/Nov/2025 16:21:01] "POST /api/posts/1/like/ HTTP/1.1" 200 30
[12/Nov/2025 16:21:18] "GET /api/auth/csrf/ HTTP/1.1" 200 80
[12/Nov/2025 16:21:18] "GET /api/posts/?feed=all HTTP/1.1" 200 658
[12/Nov/2025 16:21:18] "GET /api/auth/csrf/ HTTP/1.1" 200 80
[12/Nov/2025 16:21:18] "GET /api/posts/?feed=all HTTP/1.1" 200 658
[12/Nov/2025 16:21:22] "GET /api/auth/csrf/ HTTP/1.1" 200 80
[12/Nov/2025 16:21:22] "GET /api/posts/?feed=all HTTP/1.1" 200 658
[12/Nov/2025 16:21:22] "GET /api/auth/csrf/ HTTP/1.1" 200 80
[12/Nov/2025 16:21:22] "GET /api/posts/?feed=all HTTP/1.1" 200 658
[12/Nov/2025 16:21:35] "GET /admin HTTP/1.1" 301 0
[12/Nov/2025 16:21:35] "GET /admin/ HTTP/1.1" 200 11140
[12/Nov/2025 16:21:35] "GET /static/admin/css/base.css HTTP/1.1" 200 22120
[12/Nov/2025 16:21:35] "GET /static/admin/css/dark_mode.css HTTP/1.1" 200 2808
[12/Nov/2025 16:21:35] "GET /static/admin/css/nav_sidebar.css HTTP/1.1" 200 2810
[12/Nov/2025 16:21:35] "GET /static/admin/css/dashboard.css HTTP/1.1" 200 441
[12/Nov/2025 16:21:35] "GET /static/admin/js/theme.js HTTP/1.1" 200 1653
[12/Nov/2025 16:21:35] "GET /static/admin/css/responsive.css HTTP/1.1" 200 16565
[12/Nov/2025 16:21:35] "GET /static/admin/js/nav_sidebar.js HTTP/1.1" 200 3063
[12/Nov/2025 16:21:35] "GET /static/admin/img/icon-addlink.svg HTTP/1.1" 200 331
[12/Nov/2025 16:21:35] "GET /static/admin/img/icon-changelink.svg HTTP/1.1" 200 380
Not Found: /favicon.ico
[12/Nov/2025 16:21:35] "GET /favicon.ico HTTP/1.1" 404 2710
[12/Nov/2025 16:22:08] "POST /admin/logout/ HTTP/1.1" 200 3568
[12/Nov/2025 16:22:09] "GET /admin/ HTTP/1.1" 302 0
[12/Nov/2025 16:22:09] "GET /admin/login/?next=/admin/ HTTP/1.1" 200 4173
[12/Nov/2025 16:22:10] "GET /static/admin/css/login.css HTTP/1.1" 200 951
[12/Nov/2025 16:23:12] "POST /admin/login/?next=/admin/ HTTP/1.1" 200 4345
[12/Nov/2025 16:23:25] "POST /admin/login/?next=/admin/ HTTP/1.1" 302 0
[12/Nov/2025 16:23:25] "GET /admin/ HTTP/1.1" 200 11140
[12/Nov/2025 16:23:28] "GET /admin/core/customuser/ HTTP/1.1" 200 14706
[12/Nov/2025 16:23:28] "GET /static/admin/css/changelists.css HTTP/1.1" 200 6878
[12/Nov/2025 16:23:28] "GET /static/admin/js/vendor/jquery/jquery.js HTTP/1.1" 200 285314
[12/Nov/2025 16:23:28] "GET /static/admin/js/jquery.init.js HTTP/1.1" 200 347
[12/Nov/2025 16:23:28] "GET /static/admin/js/core.js HTTP/1.1" 200 6208
[12/Nov/2025 16:23:28] "GET /static/admin/js/actions.js HTTP/1.1" 200 8076
[12/Nov/2025 16:23:28] "GET /static/admin/js/prepopulate.js HTTP/1.1" 200 1531
[12/Nov/2025 16:23:28] "GET /static/admin/js/admin/RelatedObjectLookups.js HTTP/1.1" 200 9777
[12/Nov/2025 16:23:28] "GET /static/admin/js/urlify.js HTTP/1.1" 200 7887
[12/Nov/2025 16:23:28] "GET /static/admin/img/icon-yes.svg HTTP/1.1" 200 436
[12/Nov/2025 16:23:28] "GET /static/admin/img/search.svg HTTP/1.1" 200 458
[12/Nov/2025 16:23:28] "GET /admin/jsi18n/ HTTP/1.1" 200 3342
[12/Nov/2025 16:23:28] "GET /static/admin/js/vendor/xregexp/xregexp.js HTTP/1.1" 200 325171
[12/Nov/2025 16:23:28] "GET /static/admin/js/filters.js HTTP/1.1" 200 978
[12/Nov/2025 16:23:28] "GET /static/admin/img/icon-viewlink.svg HTTP/1.1" 200 581
[12/Nov/2025 16:23:28] "GET /static/admin/img/sorting-icons.svg HTTP/1.1" 200 1097
[12/Nov/2025 16:23:28] "GET /static/admin/img/tooltag-add.svg HTTP/1.1" 200 331
